This is pdfTeX, Version 3.1415926-2.5-1.40.14 (MiKTeX 2.9) (preloaded format=pdflatex 2015.3.10)  29 NOV 2015 00:52
entering extended mode
**Muestreo2.tex
(C:\Users\Ery\Desktop\Muestreo\Muestreo2.tex
LaTeX2e <2011/06/27>
Babel <v3.8m> and hyphenation patterns for english, afrikaans, ancientgreek, ar
abic, armenian, assamese, basque, bengali, bokmal, bulgarian, catalan, coptic, 
croatian, czech, danish, dutch, esperanto, estonian, farsi, finnish, french, ga
lician, german, german-x-2013-05-26, greek, gujarati, hindi, hungarian, iceland
ic, indonesian, interlingua, irish, italian, kannada, kurmanji, latin, latvian,
 lithuanian, malayalam, marathi, mongolian, mongolianlmc, monogreek, ngerman, n
german-x-2013-05-26, nynorsk, oriya, panjabi, pinyin, polish, portuguese, roman
ian, russian, sanskrit, serbian, slovak, slovenian, spanish, swedish, swissgerm
an, tamil, telugu, turkish, turkmen, ukenglish, ukrainian, uppersorbian, usengl
ishmax, welsh, loaded.
("C:\Program Files (x86)\MiKTeX 2.9\tex\latex\base\article.cls"
Document Class: article 2007/10/19 v1.4h Standard LaTeX document class
("C:\Program Files (x86)\MiKTeX 2.9\tex\latex\base\size10.clo"
File: size10.clo 2007/10/19 v1.4h Standard LaTeX file (size option)
)
\c@part=\count79
\c@section=\count80
\c@subsection=\count81
\c@subsubsection=\count82
\c@paragraph=\count83
\c@subparagraph=\count84
\c@figure=\count85
\c@table=\count86
\abovecaptionskip=\skip41
\belowcaptionskip=\skip42
\bibindent=\dimen102
)
("C:\Program Files (x86)\MiKTeX 2.9\tex\latex\graphics\graphicx.sty"
Package: graphicx 1999/02/16 v1.0f Enhanced LaTeX Graphics (DPC,SPQR)

("C:\Program Files (x86)\MiKTeX 2.9\tex\latex\graphics\keyval.sty"
Package: keyval 1999/03/16 v1.13 key=value parser (DPC)
\KV@toks@=\toks14
)
("C:\Program Files (x86)\MiKTeX 2.9\tex\latex\graphics\graphics.sty"
Package: graphics 2009/02/05 v1.0o Standard LaTeX Graphics (DPC,SPQR)

("C:\Program Files (x86)\MiKTeX 2.9\tex\latex\graphics\trig.sty"
Package: trig 1999/03/16 v1.09 sin cos tan (DPC)
)
("C:\Program Files (x86)\MiKTeX 2.9\tex\latex\00miktex\graphics.cfg"
File: graphics.cfg 2007/01/18 v1.5 graphics configuration of teTeX/TeXLive
)
Package graphics Info: Driver file: pdftex.def on input line 91.

("C:\Program Files (x86)\MiKTeX 2.9\tex\latex\pdftex-def\pdftex.def"
File: pdftex.def 2011/05/27 v0.06d Graphics/color for pdfTeX

("C:\Program Files (x86)\MiKTeX 2.9\tex\generic\oberdiek\infwarerr.sty"
Package: infwarerr 2010/04/08 v1.3 Providing info/warning/error messages (HO)
)
("C:\Program Files (x86)\MiKTeX 2.9\tex\generic\oberdiek\ltxcmds.sty"
Package: ltxcmds 2011/11/09 v1.22 LaTeX kernel commands for general use (HO)
)
\Gread@gobject=\count87
))
\Gin@req@height=\dimen103
\Gin@req@width=\dimen104
)
("C:\Program Files (x86)\MiKTeX 2.9\tex\latex\graphics\color.sty"
Package: color 2005/11/14 v1.0j Standard LaTeX Color (DPC)

("C:\Program Files (x86)\MiKTeX 2.9\tex\latex\00miktex\color.cfg"
File: color.cfg 2007/01/18 v1.5 color configuration of teTeX/TeXLive
)
Package color Info: Driver file: pdftex.def on input line 130.
)
(C:\Users\Ery\Desktop\Muestreo\framed.sty
Package: framed 2011/10/22 v 0.96: framed or shaded text with page breaks
\OuterFrameSep=\skip43
\fb@frw=\dimen105
\fb@frh=\dimen106
\FrameRule=\dimen107
\FrameSep=\dimen108
)
("C:\Program Files (x86)\MiKTeX 2.9\tex\latex\base\alltt.sty"
Package: alltt 1997/06/16 v2.0g defines alltt environment
)
("C:\Program Files (x86)\MiKTeX 2.9\tex\latex\upquote\upquote.sty"
Package: upquote 2012/04/19 v1.3 upright-quote and grave-accent glyphs in verba
tim
)
(C:\Users\Ery\Desktop\Muestreo\Muestreo2.aux)
LaTeX Font Info:    Checking defaults for OML/cmm/m/it on input line 54.
LaTeX Font Info:    ... okay on input line 54.
LaTeX Font Info:    Checking defaults for T1/cmr/m/n on input line 54.
LaTeX Font Info:    ... okay on input line 54.
LaTeX Font Info:    Checking defaults for OT1/cmr/m/n on input line 54.
LaTeX Font Info:    ... okay on input line 54.
LaTeX Font Info:    Checking defaults for OMS/cmsy/m/n on input line 54.
LaTeX Font Info:    ... okay on input line 54.
LaTeX Font Info:    Checking defaults for OMX/cmex/m/n on input line 54.
LaTeX Font Info:    ... okay on input line 54.
LaTeX Font Info:    Checking defaults for U/cmr/m/n on input line 54.
LaTeX Font Info:    ... okay on input line 54.

("C:\Program Files (x86)\MiKTeX 2.9\tex\context\base\supp-pdf.mkii"
[Loading MPS to PDF converter (version 2006.09.02).]
\scratchcounter=\count88
\scratchdimen=\dimen109
\scratchbox=\box26
\nofMPsegments=\count89
\nofMParguments=\count90
\everyMPshowfont=\toks15
\MPscratchCnt=\count91
\MPscratchDim=\dimen110
\MPnumerator=\count92
\makeMPintoPDFobject=\count93
\everyMPtoPDFconversion=\toks16
)
LaTeX Font Info:    External font `cmex10' loaded for size
(Font)              <12> on input line 56.
LaTeX Font Info:    External font `cmex10' loaded for size
(Font)              <8> on input line 56.
LaTeX Font Info:    External font `cmex10' loaded for size
(Font)              <6> on input line 56.
 [1

{C:/ProgramData/MiKTeX/2.9/pdftex/config/pdftex.map}]
Missing character: There is no Ñ in font cmr10!
Package color Info: Redefining color shadecolor on input line 62.
Missing character: There is no á in font cmitt10!
LaTeX Font Info:    Font shape `OT1/cmtt/bx/n' in size <10> not available
(Font)              Font shape `OT1/cmtt/m/n' tried instead on input line 66.
Missing character: There is no ó in font cmtt10!

Overfull \hbox (22.4968pt too wide) in paragraph at lines 76--76
[]\OT1/cmtt/m/n/10 ## Error in eval(expr, envir, enclos): no se pudo encontrar 
la funcin
 []

Missing character: There is no ó in font cmtt10!

Overfull \hbox (22.4968pt too wide) in paragraph at lines 83--83
[]\OT1/cmtt/m/n/10 ## Error in eval(expr, envir, enclos): no se pudo encontrar 
la funcin
 []


Overfull \hbox (17.24684pt too wide) in paragraph at lines 88--88
[]\OT1/cmtt/m/n/10 ## Error in eval(expr, envir, enclos): objeto 'nsizeR' no en
contrado[] 
 []

Missing character: There is no ó in font cmtt10!

Overfull \hbox (22.4968pt too wide) in paragraph at lines 98--98
[]\OT1/cmtt/m/n/10 ## Error in eval(expr, envir, enclos): no se pudo encontrar 
la funcin
 []


Overfull \hbox (27.74675pt too wide) in paragraph at lines 103--103
[]\OT1/cmtt/m/n/10 ## Error in eval(expr, envir, enclos): objeto 'Estratos' no 
encontrado[] 
 []


Overfull \hbox (27.74675pt too wide) in paragraph at lines 108--108
[]\OT1/cmtt/m/n/10 ## Error in eval(expr, envir, enclos): objeto 'Estratos' no 
encontrado[] 
 []

Missing character: There is no ó in font cmitt10!

Overfull \hbox (27.74675pt too wide) in paragraph at lines 110--110
[][]\OT1/cmtt/m/n/10 nsizeProp[][]<-[][]nstrata[][]([][]n[][]=nsizeR[[[][]2[][]
]],[][]wh[][]=Estratos[,[][]4[][]],[][]method[][]=[][]"proportional"[][])[][] 
 []

Missing character: There is no ó in font cmtt10!

Overfull \hbox (22.4968pt too wide) in paragraph at lines 114--114
[]\OT1/cmtt/m/n/10 ## Error in eval(expr, envir, enclos): no se pudo encontrar 
la funcin
 []


Overfull \hbox (32.9967pt too wide) in paragraph at lines 119--119
[]\OT1/cmtt/m/n/10 ## Error in eval(expr, envir, enclos): objeto 'nsizeProp' no
 encontrado[] 
 []

Missing character: There is no ó in font cmitt10!
Missing character: There is no ó in font cmitt10!

Overfull \hbox (95.99615pt too wide) in paragraph at lines 125--125
[][]\OT1/cmtt/m/n/10 nsizeOpt[][]<-[][]nstrata[][]([][]n[][]=nsizeR[[[][]2[][]]
],[][]wh[][]=Estratos[,[][]4[][]],[][]sh[][]=Estratos[,[][]3[][]],ch,[][]method
[][]=[][]"optimal"[][])[][] 
 []

Missing character: There is no ó in font cmtt10!

Overfull \hbox (22.4968pt too wide) in paragraph at lines 129--129
[]\OT1/cmtt/m/n/10 ## Error in eval(expr, envir, enclos): no se pudo encontrar 
la funcin
 []


Overfull \hbox (27.74675pt too wide) in paragraph at lines 134--134
[]\OT1/cmtt/m/n/10 ## Error in eval(expr, envir, enclos): objeto 'nsizeOpt' no 
encontrado[] 
 []

Missing character: There is no ó in font cmitt10!
Missing character: There is no ó in font cmitt10!

Overfull \hbox (8.48305pt too wide) in paragraph at lines 135--135
[][]\OT1/cmtt/m/it/10 #Asignacin de la muestra ptima a los estratos(asume costo
s iguales)[][] 
 []


Overfull \hbox (90.7462pt too wide) in paragraph at lines 137--137
[][]\OT1/cmtt/m/n/10 nsizeNeyman[][]<-[][]nstrata[][]([][]n[][]=nsizeR[[[][]2[]
[]]],[][]wh[][]=Estratos[,[][]4[][]],[][]sh[][]=Estratos[,[][]3[][]],[][]method
[][]=[][]"neyman"[][])[][] 
 []

Missing character: There is no ó in font cmtt10!

Overfull \hbox (22.4968pt too wide) in paragraph at lines 141--141
[]\OT1/cmtt/m/n/10 ## Error in eval(expr, envir, enclos): no se pudo encontrar 
la funcin
 []


Overfull \hbox (43.49661pt too wide) in paragraph at lines 146--146
[]\OT1/cmtt/m/n/10 ## Error in eval(expr, envir, enclos): objeto 'nsizeNeyman' 
no encontrado[] 
 []

[2]
Missing character: There is no ñ in font cmr10!
Missing character: There is no á in font cmr10!
LaTeX Font Info:    External font `cmex10' loaded for size
(Font)              <7> on input line 155.
LaTeX Font Info:    External font `cmex10' loaded for size
(Font)              <5> on input line 155.
Missing character: There is no á in font cmr10!
Package color Info: Redefining color shadecolor on input line 158.
LaTeX Font Info:    Try loading font information for OMS+cmtt on input line 161
.
 (C:/PROGRA~1/R/R-32~1.2/share/texmf/tex/latex\omscmtt.fd
File: omscmtt.fd 
)
LaTeX Font Info:    Font shape `OMS/cmtt/m/n' in size <10> not available
(Font)              Font shape `OMS/cmsy/m/n' tried instead on input line 161.
 [3]
Missing character: There is no ó in font cmr10!
Missing character: There is no ó in font cmr10!
Missing character: There is no ó in font cmr10!
Missing character: There is no ó in font cmr10!
Package color Info: Redefining color shadecolor on input line 196.
Missing character: There is no ó in font cmtt10!

Overfull \hbox (6.74693pt too wide) in paragraph at lines 215--215
[]\OT1/cmtt/m/n/10 ## Error in eval(expr, envir, enclos): objeto 'Ntot' no enco
ntrado[] 
 []

Missing character: There is no ó in font cmtt10!

Overfull \hbox (22.4968pt too wide) in paragraph at lines 220--220
[]\OT1/cmtt/m/n/10 ## Error in eval(expr, envir, enclos): no se pudo encontrar 
la funcin
 []

Missing character: There is no ñ in font cmr10!
Package color Info: Redefining color shadecolor on input line 227.
Missing character: There is no ó in font cmtt10!

Overfull \hbox (22.4968pt too wide) in paragraph at lines 238--238
[]\OT1/cmtt/m/n/10 ## Error in eval(expr, envir, enclos): no se pudo encontrar 
la funcin
 []

Missing character: There is no ó in font cmitt10!

Overfull \hbox (32.9967pt too wide) in paragraph at lines 251--251
[]\OT1/cmtt/m/n/10 ## Error in eval(expr, envir, enclos): objeto 'nsizeProp' no
 encontrado[] 
 []

Missing character: There is no á in font cmitt10!
Missing character: There is no ú in font cmitt10!

Overfull \hbox (32.9967pt too wide) in paragraph at lines 258--258
[]\OT1/cmtt/m/n/10 ## Error in eval(expr, envir, enclos): objeto 'nsizeProp' no
 encontrado[] 
 []


Overfull \hbox (32.9967pt too wide) in paragraph at lines 263--263
[]\OT1/cmtt/m/n/10 ## Error in eval(expr, envir, enclos): objeto 'nsizeProp' no
 encontrado[] 
 []

Missing character: There is no ó in font cmitt10!

Overfull \hbox (6.74693pt too wide) in paragraph at lines 269--269
[]\OT1/cmtt/m/n/10 ## Error in rbind(aurbano, arural): objeto 'aurbano' no enco
ntrado[] 
 []


Overfull \hbox (27.74675pt too wide) in paragraph at lines 274--274
[]\OT1/cmtt/m/n/10 ## Error in eval(expr, envir, enclos): objeto 'asizeppt' no 
encontrado[] 
 []

Missing character: There is no ó in font cmitt10!
Missing character: There is no á in font cmitt10!

Overfull \hbox (17.24684pt too wide) in paragraph at lines 280--281
[]\OT1/cmtt/m/it/10 ## Installing package into 'C:/Users/Ery/Documents/R/win-li
brary/3.2' 
 []


Overfull \hbox (17.24684pt too wide) in paragraph at lines 282--282
[]\OT1/cmtt/m/n/10 ## Error in contrib.url(repos, "source"): trying to use CRAN
 without
 []


Overfull \hbox (22.4968pt too wide) in paragraph at lines 284--284
[][]\OT1/cmtt/m/n/10 muestrappt[][]<-[][]ppssstrat[][]([][]sizes[][]=UPMs[][]$[
][]Mta,[][]stratum[][]=UPMs[][]$[][]ZONA,[][]n[][]=asizeppt[,[][]1[][]])[][] 
 []


Overfull \hbox (48.74657pt too wide) in paragraph at lines 288--288
[]\OT1/cmtt/m/n/10 ## Error in ppssstrat(sizes = UPMs$Mta, stratum = UPMs$ZONA,
 n = asizeppt[,
 []


Overfull \hbox (6.74693pt too wide) in paragraph at lines 293--293
[]\OT1/cmtt/m/n/10 ## Error in eval(expr, envir, enclos): objeto 'UPMs' no enco
ntrado[] 
 []

Missing character: There is no ó in font cmitt10!

Overfull \hbox (1.49698pt too wide) in paragraph at lines 299--299
[]\OT1/cmtt/m/n/10 ## Error in head(muestraUPMs): objeto 'muestraUPMs' no encon
trado[] 
 []


Overfull \hbox (1.49698pt too wide) in paragraph at lines 304--304
[]\OT1/cmtt/m/n/10 ## Error in tail(muestraUPMs): objeto 'muestraUPMs' no encon
trado[] 
 []

Missing character: There is no ñ in font cmitt10!

Overfull \hbox (39.98277pt too wide) in paragraph at lines 305--305
[][]\OT1/cmtt/m/it/10 #Procedimiento para seleccionar submuestras en cada clust
er de tamao fijo[][] 
 []


Overfull \hbox (53.99652pt too wide) in paragraph at lines 312--312
[]\OT1/cmtt/m/n/10 ## Error in unique(muestraUPMs$SEGMENTO): objeto 'muestraUPM
s' no encontrado[] 
 []

Missing character: There is no ú in font cmitt10!
Missing character: There is no ú in font cmitt10!
LaTeX Font Info:    Font shape `OMS/cmtt/m/it' in size <10> not available
(Font)              Font shape `OMS/cmsy/m/n' tried instead on input line 324.

Overfull \hbox (18.98296pt too wide) in paragraph at lines 327--327
[]  []\OT1/cmtt/m/it/10 #Asigna en cada elemento de las submuestras los elem. s
eleccionados[][] 
 []


Overfull \hbox (6.74693pt too wide) in paragraph at lines 333--333
[]\OT1/cmtt/m/n/10 ## Error in eval(expr, envir, enclos): objeto 'segs' no enco
ntrado[] 
 []


Overfull \hbox (29.48286pt too wide) in paragraph at lines 334--334
[][]\OT1/cmtt/m/it/10 #Genera el data frame de ids seleccionados(ya que estaban
 en una lista)[][] 
 []


Overfull \hbox (102.98222pt too wide) in paragraph at lines 337--337
[][]\OT1/cmtt/m/it/10 #Uniendo el data frame de datos con la muestra selecciona
da mendiante la llave creada[][] 
 []

Missing character: There is no ó in font cmtt10!

Overfull \hbox (22.4968pt too wide) in paragraph at lines 342--342
[]\OT1/cmtt/m/n/10 ## Error in eval(expr, envir, enclos): no se pudo encontrar 
la funcin
 []


Overfull \hbox (17.24684pt too wide) in paragraph at lines 353--354
[]\OT1/cmtt/m/it/10 ## Installing package into 'C:/Users/Ery/Documents/R/win-li
brary/3.2' 
 []


Overfull \hbox (17.24684pt too wide) in paragraph at lines 355--355
[]\OT1/cmtt/m/n/10 ## Error in contrib.url(repos, "source"): trying to use CRAN
 without
 []


Overfull \hbox (11.99689pt too wide) in paragraph at lines 361--361
[]\OT1/cmtt/m/n/10 ## Error in freq(muestrappt$ZONA): objeto 'muestrappt' no en
contrado[] 
 []

[4] [5] [6] (C:\Users\Ery\Desktop\Muestreo\Muestreo2.aux) ) 
Here is how much of TeX's memory you used:
 1288 strings out of 493921
 17350 string characters out of 3144882
 85169 words of memory out of 3000000
 4605 multiletter control sequences out of 15000+200000
 7011 words of font info for 26 fonts, out of 3000000 for 9000
 841 hyphenation exceptions out of 8191
 27i,6n,19p,301b,276s stack positions out of 5000i,500n,10000p,200000b,50000s
<C:/Program Files (x
86)/MiKTeX 2.9/fonts/type1/public/amsfonts/cm/cmitt10.pfb><C:/Program Files (x8
6)/MiKTeX 2.9/fonts/type1/public/amsfonts/cm/cmmi10.pfb><C:/Program Files (x86)
/MiKTeX 2.9/fonts/type1/public/amsfonts/cm/cmr10.pfb><C:/Program Files (x86)/Mi
KTeX 2.9/fonts/type1/public/amsfonts/cm/cmr12.pfb><C:/Program Files (x86)/MiKTe
X 2.9/fonts/type1/public/amsfonts/cm/cmr17.pfb><C:/Program Files (x86)/MiKTeX 2
.9/fonts/type1/public/amsfonts/cm/cmsy10.pfb><C:/Program Files (x86)/MiKTeX 2.9
/fonts/type1/public/amsfonts/cm/cmtt10.pfb>
Output written on Muestreo2.pdf (6 pages, 103148 bytes).
PDF statistics:
 49 PDF objects out of 1000 (max. 8388607)
 0 named destinations out of 1000 (max. 500000)
 1 words of extra memory for PDF output out of 10000 (max. 10000000)

